[    0.000000] Initializing cgroup subsys cpuset
[    0.000000] Initializing cgroup subsys cpu
[    0.000000] Initializing cgroup subsys cpuacct
[    0.000000] Linux version 4.4.0-184-generic (buildd@lgw01-amd64-060) (gcc version 5.4.0 20160609 (Ubuntu 5.4.0-6ubuntu1~16.04.12) ) #214-Ubuntu SMP Thu Jun 4 10:14:11 UTC 2020 (Ubuntu 4.4.0-184.214-generic 4.4.223)
[    0.000000] Command line: BOOT_IMAGE=/boot/vmlinuz-4.4.0-184-generic root=LABEL=cloudimg-rootfs ro console=tty1 console=ttyS0
[    0.000000] KERNEL supported cpus:
[    0.000000]   Intel GenuineIntel
[    0.000000]   AMD AuthenticAMD
[    0.000000]   Centaur CentaurHauls
[    0.000000] x86/fpu: xstate_offset[2]:  576, xstate_sizes[2]:  256
[    0.000000] x86/fpu: Supporting XSAVE feature 0x01: 'x87 floating point registers'
[    0.000000] x86/fpu: Supporting XSAVE feature 0x02: 'SSE registers'
[    0.000000] x86/fpu: Supporting XSAVE feature 0x04: 'AVX registers'
[    0.000000] x86/fpu: Enabled xstate features 0x7, context size is 832 bytes, using 'standard' format.
[    0.000000] e820: BIOS-provided physical RAM map:
[    0.000000] BIOS-e820: [mem 0x0000000000000000-0x000000000009fbff] usable
[    0.000000] BIOS-e820: [mem 0x000000000009fc00-0x000000000009ffff] reserved
[    0.000000] BIOS-e820: [mem 0x00000000000f0000-0x00000000000fffff] reserved
[    0.000000] BIOS-e820: [mem 0x0000000000100000-0x000000003ffeffff] usable
[    0.000000] BIOS-e820: [mem 0x000000003fff0000-0x000000003fffffff] ACPI data
[    0.000000] BIOS-e820: [mem 0x00000000fec00000-0x00000000fec00fff] reserved
[    0.000000] BIOS-e820: [mem 0x00000000fee00000-0x00000000fee00fff] reserved
[    0.000000] BIOS-e820: [mem 0x00000000fffc0000-0x00000000ffffffff] reserved
[    0.000000] NX (Execute Disable) protection: active
[    0.000000] SMBIOS 2.5 present.
[    0.000000] Hypervisor detected: KVM
[    0.000000] e820: last_pfn = 0x3fff0 max_arch_pfn = 0x400000000
[    0.000000] MTRR: Disabled
[    0.000000] x86/PAT: MTRRs disabled, skipping PAT initialization too.
[    0.000000] CPU MTRRs all blank - virtualized system.
[    0.000000] x86/PAT: Configuration [0-7]: WB  WT  UC- UC  WB  WT  UC- UC  
[    0.000000] found SMP MP-table at [mem 0x0009fff0-0x0009ffff] mapped at [ffff88000009fff0]
[    0.000000] Scanning 1 areas for low memory corruption
[    0.000000] RAMDISK: [mem 0x362de000-0x37166fff]
[    0.000000] ACPI: Early table checksum verification disabled
[    0.000000] ACPI: RSDP 0x00000000000E0000 000024 (v02 VBOX  )
[    0.000000] ACPI: XSDT 0x000000003FFF0030 00003C (v01 VBOX   VBOXXSDT 00000001 ASL  00000061)
[    0.000000] ACPI: FACP 0x000000003FFF00F0 0000F4 (v04 VBOX   VBOXFACP 00000001 ASL  00000061)
[    0.000000] ACPI: DSDT 0x000000003FFF0470 002325 (v02 VBOX   VBOXBIOS 00000002 INTL 20100528)
[    0.000000] ACPI: FACS 0x000000003FFF0200 000040
[    0.000000] ACPI: FACS 0x000000003FFF0200 000040
[    0.000000] ACPI: APIC 0x000000003FFF0240 00005C (v02 VBOX   VBOXAPIC 00000001 ASL  00000061)
[    0.000000] ACPI: SSDT 0x000000003FFF02A0 0001CC (v01 VBOX   VBOXCPUT 00000002 INTL 20100528)
[    0.000000] No NUMA configuration found
[    0.000000] Faking a node at [mem 0x0000000000000000-0x000000003ffeffff]
[    0.000000] NODE_DATA(0) allocated [mem 0x3ffeb000-0x3ffeffff]
[    0.000000] kvm-clock: Using msrs 4b564d01 and 4b564d00
[    0.000000] kvm-clock: cpu 0, msr 0:3ffe3001, primary cpu clock
[    0.000000] kvm-clock: using sched offset of 3914228259 cycles
[    0.000000] clocksource: kvm-clock: mask: 0xffffffffffffffff max_cycles: 0x1cd42e4dffb, max_idle_ns: 881590591483 ns
[    0.000000] Zone ranges:
[    0.000000]   DMA      [mem 0x0000000000001000-0x0000000000ffffff]
[    0.000000]   DMA32    [mem 0x0000000001000000-0x000000003ffeffff]
[    0.000000]   Normal   empty
[    0.000000]   Device   empty
[    0.000000] Movable zone start for each node
[    0.000000] Early memory node ranges
[    0.000000]   node   0: [mem 0x0000000000001000-0x000000000009efff]
[    0.000000]   node   0: [mem 0x0000000000100000-0x000000003ffeffff]
[    0.000000] Initmem setup node 0 [mem 0x0000000000001000-0x000000003ffeffff]
[    0.000000] ACPI: PM-Timer IO Port: 0x4008
[    0.000000] IOAPIC[0]: apic_id 2, version 32, address 0xfec00000, GSI 0-23
[    0.000000] ACPI: INT_SRC_OVR (bus 0 bus_irq 0 global_irq 2 dfl dfl)
[    0.000000] ACPI: INT_SRC_OVR (bus 0 bus_irq 9 global_irq 9 low level)
[    0.000000] Using ACPI (MADT) for SMP configuration information
[    0.000000] smpboot: Allowing 2 CPUs, 0 hotplug CPUs
[    0.000000] PM: Registered nosave memory: [mem 0x00000000-0x00000fff]
[    0.000000] PM: Registered nosave memory: [mem 0x0009f000-0x0009ffff]
[    0.000000] PM: Registered nosave memory: [mem 0x000a0000-0x000effff]
[    0.000000] PM: Registered nosave memory: [mem 0x000f0000-0x000fffff]
[    0.000000] e820: [mem 0x40000000-0xfebfffff] available for PCI devices
[    0.000000] Booting paravirtualized kernel on KVM
[    0.000000] clocksource: refined-jiffies: mask: 0xffffffff max_cycles: 0xffffffff, max_idle_ns: 7645519600211568 ns
[    0.000000] setup_percpu: NR_CPUS:512 nr_cpumask_bits:512 nr_cpu_ids:2 nr_node_ids:1
[    0.000000] PERCPU: Embedded 33 pages/cpu @ffff88003fc00000 s95448 r8192 d31528 u1048576
[    0.000000] Built 1 zonelists in Node order, mobility grouping on.  Total pages: 257912
[    0.000000] Policy zone: DMA32
[    0.000000] Kernel command line: BOOT_IMAGE=/boot/vmlinuz-4.4.0-184-generic root=LABEL=cloudimg-rootfs ro console=tty1 console=ttyS0
[    0.000000] PID hash table entries: 4096 (order: 3, 32768 bytes)
[    0.000000] Memory: 997664K/1048120K available (8632K kernel code, 1336K rwdata, 4036K rodata, 1492K init, 1292K bss, 50456K reserved, 0K cma-reserved)
[    0.000000] SLUB: HWalign=64, Order=0-3, MinObjects=0, CPUs=2, Nodes=1
[    0.000000] Kernel/User page tables isolation: enabled
[    0.000000] Hierarchical RCU implementation.
[    0.000000] 	Build-time adjustment of leaf fanout to 64.
[    0.000000] 	RCU restricting CPUs from NR_CPUS=512 to nr_cpu_ids=2.
[    0.000000] RCU: Adjusting geometry for rcu_fanout_leaf=64, nr_cpu_ids=2
[    0.000000] NR_IRQS:33024 nr_irqs:440 16
[    0.000000] Console: colour VGA+ 80x25
[    0.000000] console [tty1] enabled
[    0.000000] console [ttyS0] enabled
[    0.000000] tsc: Detected 2711.996 MHz processor
[    0.268402] Calibrating delay loop (skipped) preset value.. 5423.99 BogoMIPS (lpj=10847984)
[    0.270711] pid_max: default: 32768 minimum: 301
[    0.272035] ACPI: Core revision 20150930
[    0.275381] ACPI: 2 ACPI AML tables successfully acquired and loaded
[    0.278973] Security Framework initialized
[    0.280418] Yama: becoming mindful.
[    0.281790] AppArmor: AppArmor initialized
[    0.283041] Dentry cache hash table entries: 131072 (order: 8, 1048576 bytes)
[    0.310422] Inode-cache hash table entries: 65536 (order: 7, 524288 bytes)
[    0.312203] Mount-cache hash table entries: 2048 (order: 2, 16384 bytes)
[    0.313940] Mountpoint-cache hash table entries: 2048 (order: 2, 16384 bytes)
[    0.316023] Initializing cgroup subsys io
[    0.317122] Initializing cgroup subsys memory
[    0.318236] Initializing cgroup subsys devices
[    0.319402] Initializing cgroup subsys freezer
[    0.320792] Initializing cgroup subsys net_cls
[    0.322594] Initializing cgroup subsys perf_event
[    0.323892] Initializing cgroup subsys net_prio
[    0.325267] Initializing cgroup subsys hugetlb
[    0.326512] Initializing cgroup subsys pids
[    0.328649] mce: CPU supports 0 MCE banks
[    0.329762] Last level iTLB entries: 4KB 64, 2MB 8, 4MB 8
[    0.331326] Last level dTLB entries: 4KB 64, 2MB 0, 4MB 0, 1GB 4
[    0.333058] Spectre V1 : Mitigation: usercopy/swapgs barriers and __user pointer sanitization
[    0.335720] Spectre V2 : Mitigation: Full generic retpoline
[    0.337996] Spectre V2 : Spectre v2 / SpectreRSB mitigation: Filling RSB on context switch
[    0.340976] Speculative Store Bypass: Vulnerable
[    0.342300] SRBDS: Unknown: Dependent on hypervisor status
[    0.344525] MDS: Mitigation: Clear CPU buffers
[    0.350334] Freeing SMP alternatives memory: 36K
[    0.360111] ftrace: allocating 32319 entries in 127 pages
[    0.463688] smpboot: APIC(0) Converting physical 0 to logical package 0
[    0.466027] smpboot: Max logical packages: 1
[    0.467663] x2apic enabled
[    0.469231] Switched APIC routing to physical x2apic.
[    0.472505] ..TIMER: vector=0x30 apic1=0 pin1=2 apic2=-1 pin2=-1
[    0.582231] smpboot: CPU0: Intel(R) Core(TM) i7-6820HQ CPU @ 2.70GHz (family: 0x6, model: 0x5e, stepping: 0x3)
[    0.585125] Performance Events: unsupported p6 CPU model 94 no PMU driver, software events only.
[    0.598508] KVM setup paravirtual spinlock
[    0.600246] x86: Booting SMP configuration:
[    0.601585] .... node  #0, CPUs:      #1
[    0.602738] kvm-clock: cpu 1, msr 0:3ffe3041, secondary cpu clock
[    0.605515] mce: CPU supports 0 MCE banks
[    0.615288] x86: Booted up 1 node, 2 CPUs
[    0.616749] smpboot: Total of 2 processors activated (10847.98 BogoMIPS)
[    0.620163] devtmpfs: initialized
[    0.623993] evm: security.selinux
[    0.625229] evm: security.SMACK64
[    0.626343] evm: security.SMACK64EXEC
[    0.627531] evm: security.SMACK64TRANSMUTE
[    0.628926] evm: security.SMACK64MMAP
[    0.630260] evm: security.ima
[    0.631493] evm: security.capability
[    0.633114] clocksource: jiffies: mask: 0xffffffff max_cycles: 0xffffffff, max_idle_ns: 7645041785100000 ns
[    0.637220] futex hash table entries: 512 (order: 3, 32768 bytes)
[    0.639728] pinctrl core: initialized pinctrl subsystem
[    0.641978] RTC time: 13:54:25, date: 06/23/20
[    0.643947] NET: Registered protocol family 16
[    0.656079] cpuidle: using governor ladder
[    0.667887] cpuidle: using governor menu
[    0.669103] PCCT header not found.
[    0.670219] ACPI: bus type PCI registered
[    0.671467] acpiphp: ACPI Hot Plug PCI Controller Driver version: 0.5
[    0.673695] PCI: Using configuration type 1 for base access
[    0.689258] ACPI: Added _OSI(Module Device)
[    0.690691] ACPI: Added _OSI(Processor Device)
[    0.692187] ACPI: Added _OSI(3.0 _SCP Extensions)
[    0.693953] ACPI: Added _OSI(Processor Aggregator Device)
[    0.697034] ACPI: Executed 1 blocks of module-level executable AML code
[    0.701991] ACPI: Interpreter enabled
[    0.703162] ACPI: (supports S0 S5)
[    0.704278] ACPI: Using IOAPIC for interrupt routing
[    0.706306] PCI: Using host bridge windows from ACPI; if necessary, use "pci=nocrs" and report a bug
[    0.714522] ACPI: PCI Root Bridge [PCI0] (domain 0000 [bus 00-ff])
[    0.716189] acpi PNP0A03:00: _OSC: OS supports [ASPM ClockPM Segments MSI]
[    0.718417] acpi PNP0A03:00: _OSC: not requesting OS control; OS requires [ExtendedConfig ASPM ClockPM MSI]
[    0.721500] acpi PNP0A03:00: fail to add MMCONFIG information, can't access extended PCI configuration space under this bridge.
[    0.726024] PCI host bridge to bus 0000:00
[    0.727215] pci_bus 0000:00: root bus resource [io  0x0000-0x0cf7 window]
[    0.728869] pci_bus 0000:00: root bus resource [io  0x0d00-0xffff window]
[    0.730639] pci_bus 0000:00: root bus resource [mem 0x000a0000-0x000bffff window]
[    0.732592] pci_bus 0000:00: root bus resource [mem 0x40000000-0xfdffffff window]
[    0.734899] pci_bus 0000:00: root bus resource [bus 00-ff]
[    0.739329] pci 0000:00:01.1: legacy IDE quirk: reg 0x10: [io  0x01f0-0x01f7]
[    0.742457] pci 0000:00:01.1: legacy IDE quirk: reg 0x14: [io  0x03f6]
[    0.744791] pci 0000:00:01.1: legacy IDE quirk: reg 0x18: [io  0x0170-0x0177]
[    0.762802] pci 0000:00:01.1: legacy IDE quirk: reg 0x1c: [io  0x0376]
[    0.783499] pci 0000:00:07.0: quirk: [io  0x4000-0x403f] claimed by PIIX4 ACPI
[    0.785832] pci 0000:00:07.0: quirk: [io  0x4100-0x410f] claimed by PIIX4 SMB
[    0.797717] ACPI: PCI Interrupt Link [LNKA] (IRQs 5 9 10 *11)
[    0.800043] ACPI: PCI Interrupt Link [LNKB] (IRQs 5 9 *10 11)
[    0.802545] ACPI: PCI Interrupt Link [LNKC] (IRQs 5 *9 10 11)
[    0.805048] ACPI: PCI Interrupt Link [LNKD] (IRQs 5 9 10 *11)
[    0.808066] ACPI: Enabled 2 GPEs in block 00 to 07
[    0.810694] vgaarb: setting as boot device: PCI:0000:00:02.0
[    0.812901] vgaarb: device added: PCI:0000:00:02.0,decodes=io+mem,owns=io+mem,locks=none
[    0.815057] vgaarb: loaded
[    0.816248] vgaarb: bridge control possible 0000:00:02.0
[    0.818376] SCSI subsystem initialized
[    0.819618] ACPI: bus type USB registered
[    0.820862] usbcore: registered new interface driver usbfs
[    0.822315] usbcore: registered new interface driver hub
[    0.824068] usbcore: registered new device driver usb
[    0.826260] PCI: Using ACPI for IRQ routing
[    0.835129] NetLabel: Initializing
[    0.836526] NetLabel:  domain hash size = 128
[    0.837810] NetLabel:  protocols = UNLABELED CIPSOv4
[    0.839160] NetLabel:  unlabeled traffic allowed by default
[    0.841045] amd_nb: Cannot enumerate AMD northbridges
[    0.842556] clocksource: Switched to clocksource kvm-clock
[    0.875010] AppArmor: AppArmor Filesystem Enabled
[    0.877108] pnp: PnP ACPI init
[    0.879148] pnp: PnP ACPI: found 3 devices
[    0.891817] clocksource: acpi_pm: mask: 0xffffff max_cycles: 0xffffff, max_idle_ns: 2085701024 ns
[    0.894461] NET: Registered protocol family 2
[    0.896438] TCP established hash table entries: 8192 (order: 4, 65536 bytes)
[    0.898920] TCP bind hash table entries: 8192 (order: 5, 131072 bytes)
[    0.900640] TCP: Hash tables configured (established 8192 bind 8192)
[    0.902331] UDP hash table entries: 512 (order: 2, 16384 bytes)
[    0.903950] UDP-Lite hash table entries: 512 (order: 2, 16384 bytes)
[    0.906044] NET: Registered protocol family 1
[    0.914716] pci 0000:00:00.0: Limiting direct PCI/PCI transfers
[    0.916384] pci 0000:00:01.0: Activating ISA DMA hang workarounds
[    0.918144] Unpacking initramfs...
[    1.815974] Freeing initrd memory: 14884K
[    1.817386] clocksource: tsc: mask: 0xffffffffffffffff max_cycles: 0x271782d3887, max_idle_ns: 440795314643 ns
[    1.820361] platform rtc_cmos: registered platform RTC device (no PNP device found)
[    1.822609] Scanning for low memory corruption every 60 seconds
[    1.824797] audit: initializing netlink subsys (disabled)
[    1.826420] audit: type=2000 audit(1592920472.149:1): initialized
[    1.828205] Initialise system trusted keyring
[    1.829959] HugeTLB registered 2 MB page size, pre-allocated 0 pages
[    1.833334] zbud: loaded
[    1.834956] VFS: Disk quotas dquot_6.6.0
[    1.836446] VFS: Dquot-cache hash table entries: 512 (order 0, 4096 bytes)
[    1.838800] squashfs: version 4.0 (2009/01/31) Phillip Lougher
[    1.841120] fuse init (API version 7.23)
[    1.842885] Key type big_key registered
[    1.844410] Allocating IMA MOK and blacklist keyrings.
[    1.850274] Key type asymmetric registered
[    1.851358] Asymmetric key parser 'x509' registered
[    1.852639] Block layer SCSI generic (bsg) driver version 0.4 loaded (major 249)
[    1.855086] io scheduler noop registered
[    1.856585] io scheduler deadline registered (default)
[    1.858311] io scheduler cfq registered
[    1.859917] pci_hotplug: PCI Hot Plug PCI Core version: 0.5
[    1.861602] pciehp: PCI Express Hot Plug Controller Driver version: 0.4
[    1.863307] ACPI: AC Adapter [AC] (on-line)
[    1.864567] input: Power Button as /devices/LNXSYSTM:00/LNXPWRBN:00/input/input0
[    1.866893] ACPI: Power Button [PWRF]
[    1.867973] input: Sleep Button as /devices/LNXSYSTM:00/LNXSLPBN:00/input/input1
[    1.869903] ACPI: Sleep Button [SLPF]
[    1.871269] GHES: HEST is not enabled!
[    1.872056] ACPI: Battery Slot [BAT0] (battery present)
[    1.874048] Serial: 8250/16550 driver, 32 ports, IRQ sharing enabled
[    1.896896] 00:02: ttyS0 at I/O 0x3f8 (irq = 4, base_baud = 115200) is a 16550A
[    1.903902] Linux agpgart interface v0.103
[    1.907319] loop: module loaded
[    1.909120] scsi host0: ata_piix
[    1.910178] scsi host1: ata_piix
[    1.911181] ata1: PATA max UDMA/33 cmd 0x1f0 ctl 0x3f6 bmdma 0xd000 irq 14
[    1.912725] ata2: PATA max UDMA/33 cmd 0x170 ctl 0x376 bmdma 0xd008 irq 15
[    1.914859] libphy: Fixed MDIO Bus: probed
[    1.916670] tun: Universal TUN/TAP device driver, 1.6
[    1.918096] tun: (C) 1999-2004 Max Krasnyansky <maxk@qualcomm.com>
[    1.920490] PPP generic driver version 2.4.2
[    1.921873] ehci_hcd: USB 2.0 'Enhanced' Host Controller (EHCI) Driver
[    1.923514] ehci-pci: EHCI PCI platform driver
[    1.924854] ehci-platform: EHCI generic platform driver
[    1.926518] ohci_hcd: USB 1.1 'Open' Host Controller (OHCI) Driver
[    1.928006] ohci-pci: OHCI PCI platform driver
[    1.929152] ohci-platform: OHCI generic platform driver
[    1.930629] uhci_hcd: USB Universal Host Controller Interface driver
[    1.932212] i8042: PNP: PS/2 Controller [PNP0303:PS2K,PNP0f03:PS2M] at 0x60,0x64 irq 1,12
[    1.934891] serio: i8042 KBD port at 0x60,0x64 irq 1
[    1.936446] serio: i8042 AUX port at 0x60,0x64 irq 12
[    1.938096] mousedev: PS/2 mouse device common for all mice
[    1.940050] input: AT Translated Set 2 keyboard as /devices/platform/i8042/serio0/input/input2
[    1.942911] rtc_cmos rtc_cmos: rtc core: registered rtc_cmos as rtc0
[    1.944574] rtc_cmos rtc_cmos: alarms up to one day, 114 bytes nvram
[    1.946364] i2c /dev entries driver
[    1.947482] device-mapper: uevent: version 1.0.3
[    1.948889] device-mapper: ioctl: 4.34.0-ioctl (2015-10-28) initialised: dm-devel@redhat.com
[    1.951126] ledtrig-cpu: registered to indicate activity on CPUs
[    1.953104] NET: Registered protocol family 10
[    1.954748] NET: Registered protocol family 17
[    1.956013] Key type dns_resolver registered
[    1.957826] registered taskstats version 1
[    1.958979] Loading compiled-in X.509 certificates
[    1.960799] Loaded X.509 cert 'Build time autogenerated kernel key: b6ae09eed57f82583ccd3c65c463e852cdd7a0b5'
[    1.963463] zswap: loaded using pool lzo/zbud
[    1.967553] Key type trusted registered
[    1.973404] Key type encrypted registered
[    1.974980] AppArmor: AppArmor sha1 policy hashing enabled
[    1.976565] ima: No TPM chip found, activating TPM-bypass!
[    1.978105] ima: Allocated hash algorithm: sha1
[    1.979595] evm: HMAC attrs: 0x1
[    1.981189]   Magic number: 8:996:938
[    1.982300] rtc_cmos rtc_cmos: setting system clock to 2020-06-23 13:54:26 UTC (1592920466)
[    1.985255] BIOS EDD facility v0.16 2004-Jun-25, 0 devices found
[    1.986872] EDD information not available.
[    2.098531] Freeing unused kernel memory: 1492K
[    2.100053] Write protecting the kernel read-only data: 14336k
[    2.102163] Freeing unused kernel memory: 1596K
[    2.103797] Freeing unused kernel memory: 60K
Loading, please wait...
starting version 229
[    2.123387] random: systemd-udevd: uninitialized urandom read (16 bytes read, 3 bits of entropy available)
[    2.123902] random: udevadm: uninitialized urandom read (16 bytes read, 3 bits of entropy available)
[    2.123923] random: udevadm: uninitialized urandom read (16 bytes read, 3 bits of entropy available)
[    2.133114] random: systemd-udevd: uninitialized urandom read (16 bytes read, 3 bits of entropy available)
[    2.135747] random: udevadm: uninitialized urandom read (16 bytes read, 3 bits of entropy available)
[    2.135793] random: udevadm: uninitialized urandom read (16 bytes read, 3 bits of entropy available)
[    2.135967] random: udevadm: uninitialized urandom read (16 bytes read, 3 bits of entropy available)
[    2.136020] random: udevadm: uninitialized urandom read (16 bytes read, 3 bits of entropy available)
[    2.136073] random: udevadm: uninitialized urandom read (16 bytes read, 3 bits of entropy available)
[    2.136125] random: udevadm: uninitialized urandom read (16 bytes read, 3 bits of entropy available)
[    2.187771] Fusion MPT base driver 3.04.20
[    2.189071] Copyright (c) 1999-2008 LSI Corporation
[    2.191267] e1000: Intel(R) PRO/1000 Network Driver - version 7.3.21-k8-NAPI
[    2.193081] e1000: Copyright (c) 1999-2006 Intel Corporation.
[    2.213760] AVX2 version of gcm_enc/dec engaged.
[    2.215473] AES CTR mode by8 optimization enabled
[    2.223759] Fusion MPT SPI Host driver 3.04.20
[    2.392993] input: ImExPS/2 Generic Explorer Mouse as /devices/platform/i8042/serio1/input/input4
[    2.833529] e1000 0000:00:03.0 eth0: (PCI:33MHz:32-bit) 02:89:fa:04:16:8f
[    2.835978] e1000 0000:00:03.0 eth0: Intel(R) PRO/1000 Network Connection
[    4.091023] e1000 0000:00:08.0 eth1: (PCI:33MHz:32-bit) 08:00:27:82:59:c8
[    4.093277] e1000 0000:00:08.0 eth1: Intel(R) PRO/1000 Network Connection
[    4.097387] e1000 0000:00:08.0 enp0s8: renamed from eth1
[    4.099716] mptbase: ioc0: Initiating bringup
[    4.111754] e1000 0000:00:03.0 enp0s3: renamed from eth0
[    4.206848] ioc0: LSI53C1030 A0: Capabilities={Initiator}
[    6.295241] scsi host2: ioc0: LSI53C1030 A0, FwRev=00000000h, Ports=1, MaxQ=256, IRQ=20
[    8.362454] scsi 2:0:0:0: Direct-Access     VBOX     HARDDISK         1.0  PQ: 0 ANSI: 5
[    8.365319] scsi target2:0:0: Beginning Domain Validation
[    8.371274] scsi target2:0:0: Domain Validation skipping write tests
[    8.372890] scsi target2:0:0: Ending Domain Validation
[    8.374416] scsi target2:0:0: asynchronous
[    8.377439] scsi 2:0:1:0: Direct-Access     VBOX     HARDDISK         1.0  PQ: 0 ANSI: 5
[    8.394330] scsi target2:0:1: Beginning Domain Validation
[    8.400796] scsi target2:0:1: Domain Validation skipping write tests
[    8.402553] scsi target2:0:1: Ending Domain Validation
[    8.404307] scsi target2:0:1: asynchronous
[    8.414394] sd 2:0:0:0: [sda] 20971520 512-byte logical blocks: (10.7 GB/10.0 GiB)
[    8.414664] sd 2:0:0:0: Attached scsi generic sg0 type 0
[    8.419308] sd 2:0:0:0: [sda] Write Protect is off
[    8.419602] sd 2:0:1:0: Attached scsi generic sg1 type 0
[    8.422294] sd 2:0:1:0: [sdb] 20480 512-byte logical blocks: (10.5 MB/10.0 MiB)
[    8.422941] sd 2:0:0:0: [sda] Incomplete mode parameter data
[    8.422942] sd 2:0:0:0: [sda] Assuming drive cache: write through
[    8.425643]  sda: sda1
[    8.427283] sd 2:0:0:0: [sda] Attached SCSI disk
[    8.432705] sd 2:0:1:0: [sdb] Write Protect is off
[    8.434698] sd 2:0:1:0: [sdb] Incomplete mode parameter data
[    8.436386] sd 2:0:1:0: [sdb] Assuming drive cache: write through
[    8.443639] sd 2:0:1:0: [sdb] Attached SCSI disk
Begin: Loading essential drivers ... [   10.022032] md: linear personality registered for level -1
[   10.028077] md: multipath personality registered for level -4
[   10.032989] md: raid0 personality registered for level 0
[   10.039800] md: raid1 personality registered for level 1
[   10.110977] raid6: sse2x1   gen()  9461 MB/s
[   10.178886] raid6: sse2x1   xor()  7014 MB/s
[   10.247131] raid6: sse2x2   gen() 11785 MB/s
[   10.314951] raid6: sse2x2   xor()  8314 MB/s
[   10.383292] raid6: sse2x4   gen() 13720 MB/s
[   10.451199] raid6: sse2x4   xor()  8624 MB/s
[   10.518603] raid6: avx2x1   gen() 15730 MB/s
[   10.586829] raid6: avx2x2   gen() 21405 MB/s
[   10.655204] raid6: avx2x4   gen() 24696 MB/s
[   10.656818] raid6: using algorithm avx2x4 gen() 24696 MB/s
[   10.658453] raid6: using avx2x2 recovery algorithm
[   10.661535] xor: automatically using best checksumming function:
[   10.703410]    avx       : 26580.000 MB/sec
[   10.706686] async_tx: api initialized (async)
[   10.724597] md: raid6 personality registered for level 6
[   10.726395] md: raid5 personality registered for level 5
[   10.728543] md: raid4 personality registered for level 4
[   10.740523] md: raid10 personality registered for level 10
done.
Begin: Running /scripts/init-premount ... done.
Begin: Mounting root file system ... Begin: Running /scripts/local-top ... done.
Begin: Running /scripts/local-premount ... [   10.789237] Btrfs loaded
Scanning for Btrfs filesystems
done.
Warning: fsck not present, so skipping root file system
[   10.828083] EXT4-fs (sda1): mounted filesystem with ordered data mode. Opts: (null)
done.
Begin: Running /scripts/local-bottom ... done.
Begin: Running /scripts/init-bottom ... done.
[   10.953983] systemd[1]: systemd 229 running in system mode. (+PAM +AUDIT +SELINUX +IMA +APPARMOR +SMACK +SYSVINIT +UTMP +LIBCRYPTSETUP +GCRYPT +GNUTLS +ACL +XZ -LZ4 +SECCOMP +BLKID +ELFUTILS +KMOD -IDN)
[   10.960017] systemd[1]: Detected virtualization oracle.
[   10.961462] systemd[1]: Detected architecture x86-64.

Welcome to [1mUbuntu 16.04.6 LTS[0m!

[   10.972593] systemd[1]: Set hostname to <ubuntu>.
[   10.977271] systemd[1]: Initializing machine ID from random generator.
[   10.978966] systemd[1]: Installed transient /etc/machine-id file.
[   11.196259] systemd[1]: Listening on udev Control Socket.
[[0;32m  OK  [0m] Listening on udev Control Socket.
[   11.199844] systemd[1]: Listening on /dev/initctl Compatibility Named Pipe.
[[0;32m  OK  [0m] Listening on /dev/initctl Compatibility Named Pipe.
[   11.204365] systemd[1]: Created slice System Slice.
[[0;32m  OK  [0m] Created slice System Slice.
[   11.215203] systemd[1]: Listening on udev Kernel Socket.
[[0;32m  OK  [0m] Listening on udev Kernel Socket.
[   11.222928] systemd[1]: Reached target Swap.
[[0;32m  OK  [0m] Reached target Swap.
[   11.225261] systemd[1]: Set up automount Arbitrary Executable File Formats File System Automount Point.
[[0;32m  OK  [0m] Set up automount Arbitrary Executab...ats File System Automount Point.
[   11.231355] systemd[1]: Created slice User and Session Slice.
[[0;32m  OK  [0m] Created slice User and Session Slice.
[   11.239792] systemd[1]: Reached target Slices.
[[0;32m  OK  [0m] Reached target Slices.
[   11.242091] systemd[1]: Listening on Journal Socket (/dev/log).
[[0;32m  OK  [0m] Listening on Journal Socket (/dev/log).
[   11.244852] systemd[1]: Listening on Journal Audit Socket.
[[0;32m  OK  [0m] Listening on Journal Audit Socket.
[   11.255259] systemd[1]: Listening on LVM2 metadata daemon socket.
[[0;32m  OK  [0m] Listening on LVM2 metadata daemon socket.
[   11.263098] systemd[1]: Listening on Device-mapper event daemon FIFOs.
[[0;32m  OK  [0m] Listening on Device-mapper event daemon FIFOs.
[   11.266193] systemd[1]: Listening on Syslog Socket.
[[0;32m  OK  [0m] Listening on Syslog Socket.
[   11.268468] systemd[1]: Reached target Encrypted Volumes.
[[0;32m  OK  [0m] Reached target Encrypted Volumes.
[   11.279027] systemd[1]: Reached target User and Group Name Lookups.
[[0;32m  OK  [0m] Reached target User and Group Name Lookups.
[   11.286878] systemd[1]: Started Forward Password Requests to Wall Directory Watch.
[[0;32m  OK  [0m] Started Forward Password Requests to Wall Directory Watch.
[   11.291073] systemd[1]: Listening on Journal Socket.
[[0;32m  OK  [0m] Listening on Journal Socket.
[   11.302910] systemd[1]: Mounting Huge Pages File System...
         Mounting Huge Pages File System...
[   11.307228] systemd[1]: Starting Set console keymap...
         Starting Set console keymap...
[   11.310768] systemd[1]: Mounting POSIX Message Queue File System...
         Mounting POSIX Message Queue File System...
[   11.320374] systemd[1]: Starting Create list of required static device nodes for the current kernel...
         Starting Create list of required st... nodes for the current kernel...
[   11.328986] systemd[1]: Starting Monitoring of LVM2 mirrors, snapshots etc. using dmeventd or progress polling...
         Starting Monitoring of LVM2 mirrors... dmeventd or progress polling...
[   11.336932] systemd[1]: Starting Uncomplicated firewall...
         Starting Uncomplicated firewall...
[   11.342746] systemd[1]: Starting Journal Service...
         Starting Journal Service...
[   11.378551] systemd[1]: Mounting Debug File System...
         Mounting Debug File System...
[   11.385422] systemd[1]: Starting Remount Root and Kernel File Systems...
         Starting Remount Root and Kernel File Systems...
[   11.392453] systemd[1]: Started Trigger resolvconf update for networkd DNS.
[[0;32m  OK  [0m] Started Trigger resolvconf update for networkd DNS.
[   11.399496] systemd[1]: Listening on LVM2 poll daemon socket.
[[0;32m  OK  [0m] Listening on LVM2 poll daemon socket.
[   11.402049] EXT4-fs (sda1): re-mounted. Opts: (null)
[   11.404027] systemd[1]: Created slice system-serial\x2dgetty.slice.
[[0;32m  OK  [0m] Created slice system-serial\x2dgetty.slice.
[   11.439401] systemd[1]: Starting Load Kernel Modules...
         Starting Load Kernel Modules...
[   11.451265] systemd[1]: Reached target System Time Synchronized.
[   11.453278] Loading iSCSI transport class v2.0-870.
[[0;32m  OK  [0m] Reached target System Time Synchronized.
[   11.463894] iscsi: registered transport (tcp)
[   11.482783] systemd[1]: Starting Nameserver information manager...
         Starting Nameserver information manager...
[   11.509878] systemd[1]: Mounted Huge Pages File System.
[[0;32m  OK  [0m] Mounted Huge Pages File System.
[   11.514997] systemd[1]: Mounted POSIX Message Queue File System.
[[0;32m  OK  [0m] Mounted POSIX Message Queue File System.
[   11.518503] systemd[1]: Mounted Debug File System.
[[0;32m  OK  [0m] Mounted Debug File System.
[   11.522148] iscsi: registered transport (iser)
[   11.527788] systemd[1]: Started Journal Service.
[[0;32m  OK  [0m] Started Journal Service.
[[0;32m  OK  [0m] Started Set console keymap.
[[0;32m  OK  [0m] Started Create list of required sta...ce nodes for the current kernel.
[[0;32m  OK  [0m] Started Uncomplicated firewall.
[[0;32m  OK  [0m] Started Remount Root and Kernel File Systems.
[[0;32m  OK  [0m] Started Load Kernel Modules.
[[0;32m  OK  [0m] Started LVM2 metadata daemon.
         Starting Apply Kernel Variables...
         Mounting FUSE Control File System...
         Starting Load/Save Random Seed...
         Starting udev Coldplug all Devices...
         Starting Create Static Device Nodes in /dev...
         Starting Flush Journal to Persistent Storage...
[[0;32m  OK  [0m] Mounted FUSE Control File System.
[[0;32m  OK  [0m] Started Nameserver information manager.
[[0;32m  OK  [0m] Started Apply Kernel Variables.
[[0;32m  OK  [0m] Started Load/Save Random Seed.
[[0;32m  OK  [0m] Started Create Static Device Nodes in /dev.
         Starting udev Kernel Device Manager...
[[0;32m  OK  [0m] Started Flush Journal to Persistent Storage.
[[0;32m  OK  [0m] Started udev Coldplug all Devices.
[[0;32m  OK  [0m] Started udev Kernel Device Manager.
[[0;32m  OK  [0m] Started Dispatch Password Requests to Console Directory Watch.
[[0;32m  OK  [0m] Found device /dev/ttyS0.
[[0;32m  OK  [0m] Listening on Load/Save RF Kill Switch Status /dev/rfkill Watch.
[[0;32m  OK  [0m] Started Monitoring of LVM2 mirrors,...ng dmeventd or progress polling.
[[0;32m  OK  [0m] Reached target Local File Systems (Pre).
[[0;32m  OK  [0m] Reached target Local File Systems.
         Starting LSB: AppArmor initialization...
         Starting Create Volatile Files and Directories...
         Starting Set console font and keymap...
         Starting Initial cloud-init job (pre-networking)...
         Starting Tell Plymouth To Write Out Runtime Data...
         Starting Commit a transient machine-id on disk...
[[0;32m  OK  [0m] Started Create Volatile Files and Directories.
[[0;32m  OK  [0m] Started Tell Plymouth To Write Out Runtime Data.
[[0;32m  OK  [0m] Started Commit a transient machine-id on disk.
         Starting Update UTMP about System Boot/Shutdown...
[[0;32m  OK  [0m] Started Update UTMP about System Boot/Shutdown.
[[0;32m  OK  [0m] Started Set console font and keymap.
[[0;32m  OK  [0m] Created slice system-getty.slice.
[   14.648957] cloud-init[632]: Cloud-init v. 19.4-33-gbb4131a2-0ubuntu1~16.04.1 running 'init-local' at Tue, 23 Jun 2020 13:54:38 +0000. Up 14.02 seconds.
[[0;32m  OK  [0m] Started Initial cloud-init job (pre-networking).
[[0;32m  OK  [0m] Reached target Network (Pre).
[[0;32m  OK  [0m] Started LSB: AppArmor initialization.
         Starting Raise network interfaces...
[[0;32m  OK  [0m] Started Raise network interfaces.
         Starting Initial cloud-init job (metadata service crawler)...
[[0;32m  OK  [0m] Reached target Network.
[   16.757445] cloud-init[960]: Cloud-init v. 19.4-33-gbb4131a2-0ubuntu1~16.04.1 running 'init' at Tue, 23 Jun 2020 13:54:40 +0000. Up 15.92 seconds.
[   16.760022] cloud-init[960]: ci-info: ++++++++++++++++++++++++++++++++++++++Net device info+++++++++++++++++++++++++++++++++++++++
[   16.762218] cloud-init[960]: ci-info: +--------+-------+----------------------------+---------------+--------+-------------------+
[   16.763870] cloud-init[960]: ci-info: | Device |   Up  |          Address           |      Mask     | Scope  |     Hw-Address    |
[   16.770401] cloud-init[960]: ci-info: +--------+-------+----------------------------+---------------+--------+-------------------+
[   16.774673] cloud-init[960]: ci-info: | enp0s3 |  True |         10.0.2.15          | 255.255.255.0 | global | 02:89:fa:04:16:8f |
[   16.781997] cloud-init[960]: ci-info: | enp0s3 |  True | fe80::89:faff:fe04:168f/64 |       .       |  link  | 02:89:fa:04:16:8f |
[   16.789481] cloud-init[960]: ci-info: | enp0s8 | False |             .              |       .       |   .    | 08:00:27:82:59:c8 |
[   16.805116] cloud-init[960]: ci-info: |   lo   |  True |         127.0.0.1          |   255.0.0.0   |  host  |         .         |
[   16.807443] cloud-init[960]: ci-info: |   lo   |  True |          ::1/128           |       .       |  host  |         .         |
[   16.816564] cloud-init[960]: ci-info: +--------+-------+----------------------------+---------------+--------+-------------------+
[   16.818815] cloud-init[960]: ci-info: +++++++++++++++++++++++++++Route IPv4 info++++++++++++++++++++++++++++
[   16.820948] cloud-init[960]: ci-info: +-------+-------------+----------+---------------+-----------+-------+
[   16.823286] cloud-init[960]: ci-info: | Route | Destination | Gateway  |    Genmask    | Interface | Flags |
[   16.825217] cloud-init[960]: ci-info: +-------+-------------+----------+---------------+-----------+-------+
[   16.832737] cloud-init[960]: ci-info: |   0   |   0.0.0.0   | 10.0.2.2 |    0.0.0.0    |   enp0s3  |   UG  |
[   16.840623] cloud-init[960]: ci-info: |   1   |   10.0.2.0  | 0.0.0.0  | 255.255.255.0 |   enp0s3  |   U   |
[   16.842783] cloud-init[960]: ci-info: +-------+-------------+----------+---------------+-----------+-------+
[   16.844577] cloud-init[960]: ci-info: +++++++++++++++++++Route IPv6 info+++++++++++++++++++
[   16.846071] cloud-init[960]: ci-info: +-------+-------------+---------+-----------+-------+
[   16.847758] cloud-init[960]: ci-info: | Route | Destination | Gateway | Interface | Flags |
[   16.849385] cloud-init[960]: ci-info: +-------+-------------+---------+-----------+-------+
[   16.856570] cloud-init[960]: ci-info: |   0   |  fe80::/64  |    ::   |   enp0s3  |   U   |
[   16.858127] [[0;32m  OK  [0m] Started Initial cloud-init job (metadata service crawler).
cloud-init[960]: ci-info: |   3   |   ff00::/8  |    ::   |   enp0s3  |   U   |
[   16.860499] [[0;32m  OK  [0m] Reached target Network is Online.
cloud-init[960]: ci-info: +-------+-------------+---------+-----------+-------+
[   16.863034] cloud-init[960]: Generating public/private rsa key pair.
[   16.864501] cloud-init[960]: Your identification has been saved in /etc/ssh/ssh_host_rsa_key.
[   16.866553] cloud-init[960]: Your public key has been saved in /etc/ssh/ssh_host_rsa_key.pub.
[   16.868955] cloud-init[960]: The key fingerprint is:
[   16.870913] cloud-init[960]: SHA256:vwNG+C11U7zxZx1yTim3tgMRZtoUro5/M4irkRwgVQ0 root@ubuntu-xenial         Starting iSCSI initiator daemon (iscsid)...
[[0;32m  OK  [0m] Reached target System Initialization.
[[0;32m  OK  [0m] Started Message of the Day.
         Starting Socket activation for snappy daemon.
[[0;32m  OK  [0m] Listening on UUID daemon activation socket.

[   16.876483] cloud-init[960]: The key's randomart image is:
[   16.878773] cloud-init[960]: +---[RSA 2048]----+
[   16.880303] cloud-init[960]: |     ..Eo    Bo .|
[   16.880640] cloud-init[960]: |    .    .  B++* |
[   16.880816] cloud-init[960]: |   . . .   . +O++|
[   16.881860] cloud-init[960]: |    . o . . +..+=|
[   16.882665] cloud-init[960]: |       +So o .o.o|
[   16.882933] cloud-init[960]: |      . B.+    o |
[   16.883618] cloud-init[960]: |       = +o..   .|
[   16.885112] cloud-init[960]: |        ..oo +   |
[   16.885257] cloud-init[960]: |       ...oo. o  |
[   16.885801] cloud-init[960]: +----[SHA256]-----+
[   16.886235] cloud-init[960]: Generating public/private dsa key pair.
[   16.886387] cloud-init[960]: Your identification has been saved in /etc/ssh/ssh_host_dsa_key.
[   16.886557] cloud-init[960]: Your public key has been saved in /etc/ssh/ssh_host_dsa_key.pub.
[   16.886924] cloud-init[960]: The key fingerprint is:
[   16.887431] cloud-init[960]: SHA256:ACuxTNz+owUe6IHQCypVFNbW19O4gaaW+vyd3tgTZ+U root@ubuntu-xenial
[   16.887864] cloud-init[960]: The key's randomart image is:
[   16.888286] cloud-init[960]: +---[DSA 1024]----+
[   16.888711] cloud-init[960]: | oo+*o .   o o   |
[   16.889195] cloud-init[960]: |oo++.oo . + = .  |
[   16.889367] cloud-init[960]: |o+++...  =   +   |
[   16.889512] cloud-init[960]: |+ +.+  .+   .   .|
[   16.889742] cloud-init[960]: |.. o + oS      ..|
[   16.890484] cloud-init[960]: |  . . =       . E|
[   16.890571] cloud-init[960]: |     o +       + |
[   16.890650] cloud-init[960]: |    .   o  . =.  |
[   16.890720] cloud-init[960]: |         ...= o. |
[   16.890784] cloud-init[960]: +----[SHA256]-----+
[   16.890866] cloud-init[960]: Generating public/private ecdsa key pair.
[   16.890944] cloud-init[960]: Your identification has been saved in /etc/ssh/ssh_host_ecdsa_key.
[   16.891011] cloud-init[960]: Your public key has been saved in /etc/ssh/ssh_host_ecdsa_key.pub.
[   16.891059] cloud-init[960]: The key fingerprint is:
[   16.891099] cloud-init[960]: SHA256:EG3OMiwk7C8Owszq+cbSiSI2CdAnTKmNG3vqAasbtHg root@ubuntu-xenial
         Starting LXD - unix socket.
[   16.891142] [cloud-init[0;32m  OK  [0m[960]: ] The key's randomart image is:Started Daily Cleanup of Temporary Directories.

[   16.908858] cloud-init[960]: +---[ECDSA 256]---+
[   16.909082] cloud-init[960]: | . .  ..         |
[   16.909349] cloud-init[960]: |  = .  .o        |
[   16.909664] cloud-init[960]: | O o ..+         |
[   16.909773] cloud-init[960]: |= * o +.o        |
[[0;32m  OK  [0m] Started Daily apt download activities.
[   16.910268] cloud-init[960]: |*= + . oS        |
[   16.910806] cloud-init[960]: |X=+ .            |
[   16.911089] cloud-init[960]: |BBE..            |
[   16.914449] cloud-init[960]: |*O+=             |
[   16.914798] cloud-init[960]: |O==.             |
[   16.915302] cloud-init[960]: +----[SHA256]-----+
[   16.915381] cloud-init[960]: Generating public/private ed25519 key pair.
[   16.915877] cloud-init[960]: Your identification has been saved in /etc/ssh/ssh_host_ed25519_key.
[   16.916530] cloud-init[960]: Your public key has been saved in /etc/ssh/ssh_host_ed25519_key.pub.
[[0;32m  OK  [0m] Listening on ACPID Listen Socket.
[   16.916762] cloud-init[960]: The key fingerprint is:
[[0;32m  OK  [0m] Listening on D-Bus System Message Bus Socket.
[   16.921306] cloud-init[960]: SHA256:gVFCCjhIkxHXjssTcMzVJTcHdElJ8UNQ3t21VDwuRM8 root@ubuntu-xenial
[   16.923709] cloud-init[960]: The key's randomart image is:
[   16.924529] cloud-init[960]: +--[ED25519 256]--+
[   16.924919] cloud-init[960]: |o*B.oo=o+*+BB+ o+|
[   16.925292] cloud-init[960]: |+oo= o =o +o+.=.*|
[   16.925750] cloud-init[960]: | .o + . .   .+.E+|
[   16.926079] cloud-init[960]: |   o .   .   ... |
[   16.926604] cloud-init[960]: |  . o   S     .  |
[   16.926983] cloud-init[960]: |   +             |
[   16.927429] cloud-init[960]: |    .            |
[   16.927854] cloud-init[960]: |                 |
[   16.928656] cloud-init[960]: |                 |
[   16.929070] cloud-init[960]: +----[SHA256]-----+
[[0;32m  OK  [0m] Started Daily apt upgrade and clean activities.
[[0;32m  OK  [0m] Reached target Timers.
[[0;32m  OK  [0m] Started ACPI Events Check.
[[0;32m  OK  [0m] Reached target Paths.
[[0;32m  OK  [0m] Reached target Cloud-config availability.
[[0;32m  OK  [0m] Listening on Socket activation for snappy daemon.
[[0;32m  OK  [0m] Listening on LXD - unix socket.
[[0;32m  OK  [0m] Reached target Sockets.
[[0;32m  OK  [0m] Reached target Basic System.
         Starting Accounts Service...
[[0;32m  OK  [0m] Started ACPI event daemon.
         Starting Virtualbox guest utils...
         Starting Login Service...
[[0;32m  OK  [0m] Started Deferred execution scheduler.
         Starting Pollinate to seed the pseudo random number generator...
         Starting System Logging Service...
         Starting LXD - container startup/shutdown...
         Starting LSB: Record successful boot for GRUB...
[[0;32m  OK  [0m] Started FUSE filesystem for LXC.
[[0;32m  OK  [0m] Started D-Bus System Message Bus.
[[0;32m  OK  [0m] Started Regular background program processing daemon.
         Starting Snappy daemon...
         Starting LSB: MD monitoring daemon...
         Starting /etc/rc.local Compatibility...
[[0;32m  OK  [0m] Started System Logging Service.
[[0;32m  OK  [0m] Started iSCSI initiator daemon (iscsid).
[[0;32m  OK  [0m] Started /etc/rc.local Compatibility.
[[0;32m  OK  [0m] Started Login Service.
[[0;32m  OK  [0m] Started Unattended Upgrades Shutdown.
         Starting Authenticate and Authorize Users to Run Privileged Tasks...
         Starting Login to default iSCSI targets...
[[0;32m  OK  [0m] Started LSB: Record successful boot for GRUB.
[[0;32m  OK  [0m] Started LSB: MD monitoring daemon.
[[0;32m  OK  [0m] Started LXD - container startup/shutdown.
[[0;32m  OK  [0m] Started Authenticate and Authorize Users to Run Privileged Tasks.
[[0;32m  OK  [0m] Started Accounts Service.
[[0;32m  OK  [0m] Started Login to default iSCSI targets.
[[0;32m  OK  [0m] Reached target Remote File Systems (Pre).
[[0;32m  OK  [0m] Reached target Remote File Systems.
         Starting Permit User Sessions...
         Starting LSB: automatic crash report generation...
         Starting LSB: Set the CPU Frequency Scaling governor to "ondemand"...
         Starting LSB: daemon to balance interrupts for SMP systems...
[[0;32m  OK  [0m] Started Permit User Sessions.
         Starting Terminate Plymouth Boot Screen...
         Starting Hold until boot process finishes up...
[[0;32m  OK  [0m] Started Virtualbox guest utils.
[[0;32m  OK  [0m] Started Terminate Plymouth Boot Screen.
[[0;32m  OK  [0m] Started Hold until boot process finishes up.
[[0;32m  OK  [0m] Started Getty on tty1.
[[0;32m  OK  [0m] Started Serial Getty on ttyS0.
[[0;32m  OK  [0m] Reached target Login Prompts.
         Starting Set console scheme...
[[0;32m  OK  [0m] Started LSB: automatic crash report generation.
[[0;32m  OK  [0m] Started LSB: daemon to balance interrupts for SMP systems.
[[0;32m  OK  [0m] Started Set console scheme.
[[0;32m  OK  [0m] Started LSB: Set the CPU Frequency Scaling governor to "ondemand".
[[0;32m  OK  [0m] Started Pollinate to seed the pseudo random number generator.
         Starting OpenBSD Secure Shell server...
[[0;32m  OK  [0m] Started OpenBSD Secure Shell server.
[[0;32m  OK  [0m] Started Snappy daemon.
         Starting Wait until snapd is fully seeded...
[[0;32m  OK  [0m] Started Wait until snapd is fully seeded.
         Starting Apply the settings specified in cloud-config...
[[0;32m  OK  [0m] Reached target Multi-User System.
[[0;32m  OK  [0m] Reached target Graphical Interface.
         Starting Update UTMP about System Runlevel Changes...
[[0;32m  OK  [0m] Started Update UTMP about System Runlevel Changes.
[[0;32m  OK  [0m] Created slice User Slice of vagrant.
         Starting User Manager for UID 1000...
[[0;32m  OK  [0m] Started Session 1 of user vagrant.
[[0;32m  OK  [0m] Started User Manager for UID 1000.
[   19.462245] cloud-init[1309]: Generating locales (this might take a while)...
[   22.147576] cloud-init[1309]:   en_US.UTF-8... done
[   22.148565] cloud-init[1309]: Generation complete.
[   22.565557] cloud-init[1309]: Cloud-init v. 19.4-33-gbb4131a2-0ubuntu1~16.04.1 running 'modules:config' at Tue, 23 Jun 2020 13:54:44 +0000. Up 19.21 seconds.
[[0;32m  OK  [0m] Started Apply the settings specified in cloud-config.
         Starting Execute cloud user/final scripts...
ci-info: no authorized SSH keys fingerprints found for user ubuntu.
<14>Jun 23 13:54:48 ec2: 
<14>Jun 23 13:54:48 ec2: #############################################################
<14>Jun 23 13:54:48 ec2: -----BEGIN SSH HOST KEY FINGERPRINTS-----
<14>Jun 23 13:54:48 ec2: 1024 SHA256:ACuxTNz+owUe6IHQCypVFNbW19O4gaaW+vyd3tgTZ+U root@ubuntu-xenial (DSA)
<14>Jun 23 13:54:48 ec2: 256 SHA256:EG3OMiwk7C8Owszq+cbSiSI2CdAnTKmNG3vqAasbtHg root@ubuntu-xenial (ECDSA)
<14>Jun 23 13:54:48 ec2: 256 SHA256:gVFCCjhIkxHXjssTcMzVJTcHdElJ8UNQ3t21VDwuRM8 root@ubuntu-xenial (ED25519)
<14>Jun 23 13:54:48 ec2: 2048 SHA256:vwNG+C11U7zxZx1yTim3tgMRZtoUro5/M4irkRwgVQ0 root@ubuntu-xenial (RSA)
<14>Jun 23 13:54:48 ec2: -----END SSH HOST KEY FINGERPRINTS-----
<14>Jun 23 13:54:48 ec2: #############################################################
-----BEGIN SSH HOST KEY KEYS-----
ecdsa-sha2-nistp256 AAAAE2VjZHNhLXNoYTItbmlzdHAyNTYAAAAIbmlzdHAyNTYAAABBBII+8DkaLFWrwYHiH1pA/Z5G8fOyI2LWHFbUzvVNFEdEmKXiv3n5TCdotw1VoduKKtB01ZIua1Ih2BY5iY+Ki0c= root@ubuntu-xenial
ssh-ed25519 AAAAC3NzaC1lZDI1NTE5AAAAIOS1vw7sJFemxPm1bxcIuBSdbMxbOLT42m8H+YSwJtI2 root@ubuntu-xenial
ssh-rsa AAAAB3NzaC1yc2EAAAADAQABAAABAQCxVKoZN1TjEq4xg+36kVT2ZKGHHyY11hkq4Pp/SDSmavqci15c05iBWoWcGg/HzDD1Jb2xUOZSEgKKqAtvnkJYft3G98UVQ+gf+IUzqeR0OJ3HX4TqAboq9sim8G63vXVmwP6uedW1N5eLrVgC5h44hCCKYyRz02W+JIkcUq1j+33RQjxKI1m+rNoDyiqpAfwSF3IPmUEKIic+PcmQo0vXMnuKSe4WYa5eM5R06U3KXNehj8/NiEaNJK18YuXP+j5zJvLizGoPkrrTDmMn96PLEubzJu2/Kpz7X/bANA4pK1azQraBRHcKy7aUDV2XRVr1pwGNo5AhtDFqw6WGP5jz root@ubuntu-xenial
-----END SSH HOST KEY KEYS-----
[   23.403166] cloud-init[1514]: Cloud-init v. 19.4-33-gbb4131a2-0ubuntu1~16.04.1 running 'modules:final' at Tue, 23 Jun 2020 13:54:48 +0000. Up 23.16 seconds.
[   23.405613] cloud-init[1514]: ci-info: no authorized SSH keys fingerprints found for user ubuntu.
[   23.406790] cloud-init[1514]: Cloud-init v. 19.4-33-gbb4131a2-0ubuntu1~16.04.1 finished at Tue, 23 Jun 2020 13:54:48 +0000. Datasource DataSourceNoCloud [seed=/dev/sdb][dsmode=net].  Up 23.38 seconds

Ubuntu 16.04.6 LTS ubuntu-xenial ttyS0

ubuntu-xenial login: 